<?xml version="1.0" encoding="UTF-8"?>
<!-- Generated by org.testng.reporters.JUnitXMLReporter -->
<testsuite ignored="0" hostname="RUPALI" failures="0" tests="2" name="googleSearchTest" time="19.114" errors="0" timestamp="2023-05-04T18:31:13 IST">
  <testcase classname="testngconcepts.ParallelTestConceptGaneshSir" name="googleSearchTest" time="4.898"/>
  <testcase classname="testngconcepts.ParallelTestConceptGaneshSir" name="yahooSearchTest" time="4.157"/>
</testsuite> <!-- googleSearchTest -->
