<?xml version="1.0" encoding="UTF-8"?>
<!-- Generated by org.testng.reporters.JUnitXMLReporter -->
<testsuite ignored="0" hostname="RUPALI" failures="0" tests="9" name="Test" time="0.458" errors="0" timestamp="2023-04-15T20:57:39 IST">
  <testcase classname="testngconcepts.FirstTestCase" name="setup" time="0.035"/>
  <testcase classname="testngconcepts.FirstTestCase" name="teardown" time="0.013"/>
  <testcase classname="testngconcepts.FirstTestCase" name="login" time="0.005"/>
  <testcase classname="testngconcepts.AnnotationsConcepts" name="linkTest" time="0.029"/>
  <testcase classname="testngconcepts.AnnotationsConcepts" name="loginTest" time="0.031"/>
  <testcase classname="testngconcepts.AnnotationsConcepts" name="logoutTest" time="0.003"/>
  <testcase classname="testngconcepts.AnnotationConcept_1" name="loginTest" time="0.007"/>
  <testcase classname="testngconcepts.LoginPageTest" name="loginTest" time="0.014"/>
  <testcase classname="testngconcepts.LoginPageTest" name="logoTest" time="0.003"/>
</testsuite> <!-- Test -->
